<?xml version="1.0" encoding="UTF-8"?>
<!-- Generated by org.testng.reporters.JUnitReportReporter -->
<testsuite skipped="0" hostname="DESKTOP-L3E4J0M" name="com.uudoos.LoginTest" tests="1" failures="0" timestamp="19 二月 2020 08:02:42 GMT" time="7.147" errors="0">
  <testcase name="login" time="7.147" classname="com.uudoos.LoginTest"/>
</testsuite> <!-- com.uudoos.LoginTest -->
