<?xml version="1.0" encoding="UTF-8"?>
<!-- Generated by org.testng.reporters.JUnitReportReporter -->
<testsuite skipped="0" hostname="DESKTOP-L3E4J0M" name="com.uudoos.AddCareer" tests="1" failures="0" timestamp="19 二月 2020 07:19:54 GMT" time="5.146" errors="0">
  <testcase name="addCareer" time="5.146" classname="com.uudoos.AddCareer"/>
</testsuite> <!-- com.uudoos.AddCareer -->
